2024-08-28 08:54:06,502 - The_Art_Of_Transformation - INFO - Downloading dataset: arbazkhan971/cuhk-face-sketch-database-cufs
2024-08-28 08:54:41,495 - The_Art_Of_Transformation - INFO - Successfully preprocessed image from Tensor("args_0:0", shape=(), dtype=string)
2024-08-28 08:54:42,296 - The_Art_Of_Transformation - INFO - Downsample layer created with 32 filters and size 4
2024-08-28 08:54:42,298 - The_Art_Of_Transformation - INFO - Downsample layer created with 64 filters and size 4
2024-08-28 08:54:42,301 - The_Art_Of_Transformation - INFO - Downsample layer created with 128 filters and size 4
2024-08-28 08:54:42,304 - The_Art_Of_Transformation - INFO - Downsample layer created with 256 filters and size 4
2024-08-28 08:54:42,306 - The_Art_Of_Transformation - INFO - Encoder model built
2024-08-28 08:54:42,307 - The_Art_Of_Transformation - INFO - Building Generator Model
2024-08-28 08:54:42,331 - The_Art_Of_Transformation - INFO - Upsample layer created with 256 filters and size 4
2024-08-28 08:54:42,440 - The_Art_Of_Transformation - INFO - Upsample layer created with 128 filters and size 4
2024-08-28 08:54:42,489 - The_Art_Of_Transformation - INFO - Upsample layer created with 64 filters and size 4
2024-08-28 08:54:42,534 - The_Art_Of_Transformation - INFO - Upsample layer created with 32 filters and size 4
2024-08-28 08:54:42,582 - The_Art_Of_Transformation - INFO - Generator model built
2024-08-28 08:54:42,591 - The_Art_Of_Transformation - INFO - Generator model summary: None
2024-08-28 08:54:42,592 - The_Art_Of_Transformation - ERROR - Generator model is None after build
2024-08-28 08:54:42,594 - The_Art_Of_Transformation - INFO - Downsample layer created with 64 filters and size 4
2024-08-28 08:54:42,614 - The_Art_Of_Transformation - INFO - Downsample layer created with 128 filters and size 4
2024-08-28 08:54:42,651 - The_Art_Of_Transformation - INFO - Downsample layer created with 256 filters and size 4
2024-08-28 08:54:42,673 - The_Art_Of_Transformation - INFO - Downsample layer created with 512 filters and size 4
2024-08-28 08:54:42,735 - The_Art_Of_Transformation - INFO - Discriminator model built
2024-08-28 08:54:42,744 - The_Art_Of_Transformation - INFO - Starting epoch 1/1
2024-08-28 08:54:43,112 - The_Art_Of_Transformation - ERROR - Generator model is None in call method
